[    0.000000] Linux version 4.15.0-177-generic (buildd@ubuntu) (gcc version 7.5.0 (Ubuntu 7.5.0-3ubuntu1~18.04)) #186-Ubuntu SMP Thu Apr 14 20:23:07 UTC 2022 (Ubuntu 4.15.0-177.186-generic 4.15.18)
[    0.000000] Command line: BOOT_IMAGE=/boot/vmlinuz-4.15.0-177-generic root=LABEL=cloudimg-rootfs ro console=tty1 console=ttyS0
[    0.000000] KERNEL supported cpus:
[    0.000000]   Intel GenuineIntel
[    0.000000]   AMD AuthenticAMD
[    0.000000]   Centaur CentaurHauls
[    0.000000] x86/fpu: Supporting XSAVE feature 0x001: 'x87 floating point registers'
[    0.000000] x86/fpu: Supporting XSAVE feature 0x002: 'SSE registers'
[    0.000000] x86/fpu: Supporting XSAVE feature 0x004: 'AVX registers'
[    0.000000] x86/fpu: xstate_offset[2]:  576, xstate_sizes[2]:  256
[    0.000000] x86/fpu: Enabled xstate features 0x7, context size is 832 bytes, using 'standard' format.
[    0.000000] e820: BIOS-provided physical RAM map:
[    0.000000] BIOS-e820: [mem 0x0000000000000000-0x000000000009fbff] usable
[    0.000000] BIOS-e820: [mem 0x000000000009fc00-0x000000000009ffff] reserved
[    0.000000] BIOS-e820: [mem 0x00000000000f0000-0x00000000000fffff] reserved
[    0.000000] BIOS-e820: [mem 0x0000000000100000-0x0000000063feffff] usable
[    0.000000] BIOS-e820: [mem 0x0000000063ff0000-0x0000000063ffffff] ACPI data
[    0.000000] BIOS-e820: [mem 0x00000000fec00000-0x00000000fec00fff] reserved
[    0.000000] BIOS-e820: [mem 0x00000000fee00000-0x00000000fee00fff] reserved
[    0.000000] BIOS-e820: [mem 0x00000000fffc0000-0x00000000ffffffff] reserved
[    0.000000] NX (Execute Disable) protection: active
[    0.000000] SMBIOS 2.5 present.
[    0.000000] DMI: innotek GmbH VirtualBox/VirtualBox, BIOS VirtualBox 12/01/2006
[    0.000000] Hypervisor detected: KVM
[    0.000000] e820: last_pfn = 0x63ff0 max_arch_pfn = 0x400000000
[    0.000000] MTRR: Disabled
[    0.000000] x86/PAT: MTRRs disabled, skipping PAT initialization too.
[    0.000000] CPU MTRRs all blank - virtualized system.
[    0.000000] x86/PAT: Configuration [0-7]: WB  WT  UC- UC  WB  WT  UC- UC  
[    0.000000] found SMP MP-table at [mem 0x0009fff0-0x0009ffff]
[    0.000000] Scanning 1 areas for low memory corruption
[    0.000000] RAMDISK: [mem 0x359c9000-0x36cdbfff]
[    0.000000] ACPI: Early table checksum verification disabled
[    0.000000] ACPI: RSDP 0x00000000000E0000 000024 (v02 VBOX  )
[    0.000000] ACPI: XSDT 0x0000000063FF0030 00003C (v01 VBOX   VBOXXSDT 00000001 ASL  00000061)
[    0.000000] ACPI: FACP 0x0000000063FF00F0 0000F4 (v04 VBOX   VBOXFACP 00000001 ASL  00000061)
[    0.000000] ACPI: DSDT 0x0000000063FF0470 002325 (v02 VBOX   VBOXBIOS 00000002 INTL 20100528)
[    0.000000] ACPI: FACS 0x0000000063FF0200 000040
[    0.000000] ACPI: FACS 0x0000000063FF0200 000040
[    0.000000] ACPI: APIC 0x0000000063FF0240 00005C (v02 VBOX   VBOXAPIC 00000001 ASL  00000061)
[    0.000000] ACPI: SSDT 0x0000000063FF02A0 0001CC (v01 VBOX   VBOXCPUT 00000002 INTL 20100528)
[    0.000000] ACPI: Reserving FACP table memory at [mem 0x63ff00f0-0x63ff01e3]
[    0.000000] ACPI: Reserving DSDT table memory at [mem 0x63ff0470-0x63ff2794]
[    0.000000] ACPI: Reserving FACS table memory at [mem 0x63ff0200-0x63ff023f]
[    0.000000] ACPI: Reserving FACS table memory at [mem 0x63ff0200-0x63ff023f]
[    0.000000] ACPI: Reserving APIC table memory at [mem 0x63ff0240-0x63ff029b]
[    0.000000] ACPI: Reserving SSDT table memory at [mem 0x63ff02a0-0x63ff046b]
[    0.000000] No NUMA configuration found
[    0.000000] Faking a node at [mem 0x0000000000000000-0x0000000063feffff]
[    0.000000] NODE_DATA(0) allocated [mem 0x63fc5000-0x63feffff]
[    0.000000] kvm-clock: cpu 0, msr 0:63f44001, primary cpu clock
[    0.000000] kvm-clock: Using msrs 4b564d01 and 4b564d00
[    0.000000] kvm-clock: using sched offset of 4274060445 cycles
[    0.000000] clocksource: kvm-clock: mask: 0xffffffffffffffff max_cycles: 0x1cd42e4dffb, max_idle_ns: 881590591483 ns
[    0.000000] Zone ranges:
[    0.000000]   DMA      [mem 0x0000000000001000-0x0000000000ffffff]
[    0.000000]   DMA32    [mem 0x0000000001000000-0x0000000063feffff]
[    0.000000]   Normal   empty
[    0.000000]   Device   empty
[    0.000000] Movable zone start for each node
[    0.000000] Early memory node ranges
[    0.000000]   node   0: [mem 0x0000000000001000-0x000000000009efff]
[    0.000000]   node   0: [mem 0x0000000000100000-0x0000000063feffff]
[    0.000000] Reserved but unavailable: 104 pages
[    0.000000] Initmem setup node 0 [mem 0x0000000000001000-0x0000000063feffff]
[    0.000000] ACPI: PM-Timer IO Port: 0x4008
[    0.000000] IOAPIC[0]: apic_id 2, version 32, address 0xfec00000, GSI 0-23
[    0.000000] ACPI: INT_SRC_OVR (bus 0 bus_irq 0 global_irq 2 dfl dfl)
[    0.000000] ACPI: INT_SRC_OVR (bus 0 bus_irq 9 global_irq 9 low level)
[    0.000000] Using ACPI (MADT) for SMP configuration information
[    0.000000] smpboot: Allowing 2 CPUs, 0 hotplug CPUs
[    0.000000] PM: Registered nosave memory: [mem 0x00000000-0x00000fff]
[    0.000000] PM: Registered nosave memory: [mem 0x0009f000-0x0009ffff]
[    0.000000] PM: Registered nosave memory: [mem 0x000a0000-0x000effff]
[    0.000000] PM: Registered nosave memory: [mem 0x000f0000-0x000fffff]
[    0.000000] e820: [mem 0x64000000-0xfebfffff] available for PCI devices
[    0.000000] Booting paravirtualized kernel on KVM
[    0.000000] clocksource: refined-jiffies: mask: 0xffffffff max_cycles: 0xffffffff, max_idle_ns: 7645519600211568 ns
[    0.000000] random: get_random_bytes called from start_kernel+0x99/0x500 with crng_init=0
[    0.000000] setup_percpu: NR_CPUS:8192 nr_cpumask_bits:2 nr_cpu_ids:2 nr_node_ids:1
[    0.000000] percpu: Embedded 50 pages/cpu s167936 r8192 d28672 u1048576
[    0.000000] PV qspinlock hash table entries: 256 (order: 0, 4096 bytes)
[    0.000000] Built 1 zonelists, mobility grouping on.  Total pages: 403065
[    0.000000] Policy zone: DMA32
[    0.000000] Kernel command line: BOOT_IMAGE=/boot/vmlinuz-4.15.0-177-generic root=LABEL=cloudimg-rootfs ro console=tty1 console=ttyS0
[    0.000000] Memory: 1562228K/1637944K available (12300K kernel code, 2484K rwdata, 4324K rodata, 2468K init, 2724K bss, 75716K reserved, 0K cma-reserved)
[    0.000000] SLUB: HWalign=64, Order=0-3, MinObjects=0, CPUs=2, Nodes=1
[    0.000000] Kernel/User page tables isolation: enabled
[    0.000000] ftrace: allocating 39506 entries in 155 pages
[    0.004000] Hierarchical RCU implementation.
[    0.004000] 	RCU restricting CPUs from NR_CPUS=8192 to nr_cpu_ids=2.
[    0.004000] 	Tasks RCU enabled.
[    0.004000] RCU: Adjusting geometry for rcu_fanout_leaf=16, nr_cpu_ids=2
[    0.004000] NR_IRQS: 524544, nr_irqs: 440, preallocated irqs: 16
[    0.004000] Console: colour VGA+ 80x25
[    0.004000] console [tty1] enabled
[    0.004000] console [ttyS0] enabled
[    0.004000] ACPI: Core revision 20170831
[    0.004000] ACPI: 2 ACPI AML tables successfully acquired and loaded
[    0.004000] APIC: Switch to symmetric I/O mode setup
[    0.004000] x2apic enabled
[    0.004007] Switched APIC routing to physical x2apic.
[    0.007459] ..TIMER: vector=0x30 apic1=0 pin1=2 apic2=-1 pin2=-1
[    0.008004] tsc: Detected 2399.996 MHz processor
[    0.012015] Calibrating delay loop (skipped) preset value.. 4799.99 BogoMIPS (lpj=9599984)
[    0.016046] pid_max: default: 32768 minimum: 301
[    0.020067] Security Framework initialized
[    0.021668] Yama: becoming mindful.
[    0.023243] AppArmor: AppArmor initialized
[    0.028195] Dentry cache hash table entries: 262144 (order: 9, 2097152 bytes)
[    0.036060] Inode-cache hash table entries: 131072 (order: 8, 1048576 bytes)
[    0.040031] Mount-cache hash table entries: 4096 (order: 3, 32768 bytes)
[    0.044009] Mountpoint-cache hash table entries: 4096 (order: 3, 32768 bytes)
[    0.047359] Last level iTLB entries: 4KB 64, 2MB 8, 4MB 8
[    0.048029] Last level dTLB entries: 4KB 64, 2MB 0, 4MB 0, 1GB 4
[    0.052005] Spectre V1 : Mitigation: usercopy/swapgs barriers and __user pointer sanitization
[    0.056003] Spectre V2 : Mitigation: Retpolines
[    0.057907] Spectre V2 : Spectre v2 / SpectreRSB mitigation: Filling RSB on context switch
[    0.060003] Speculative Store Bypass: Vulnerable
[    0.064074] SRBDS: Unknown: Dependent on hypervisor status
[    0.068007] MDS: Mitigation: Clear CPU buffers
[    0.069785] Freeing SMP alternatives memory: 36K
[    0.184497] smpboot: CPU0: Intel(R) Core(TM) i5-6200U CPU @ 2.30GHz (family: 0x6, model: 0x4e, stepping: 0x3)
[    0.187669] Performance Events: unsupported p6 CPU model 78 no PMU driver, software events only.
[    0.188059] Hierarchical SRCU implementation.
[    0.192345] NMI watchdog: Perf event create on CPU 0 failed with -2
[    0.194399] NMI watchdog: Perf NMI watchdog permanently disabled
[    0.196000] smp: Bringing up secondary CPUs ...
[    0.196191] x86: Booting SMP configuration:
[    0.200008] .... node  #0, CPUs:      #1
[    0.004000] kvm-clock: cpu 1, msr 0:63f44041, secondary cpu clock
[    0.208026] smp: Brought up 1 node, 2 CPUs
[    0.209482] smpboot: Max logical packages: 1
[    0.212006] smpboot: Total of 2 processors activated (9599.98 BogoMIPS)
[    0.214627] devtmpfs: initialized
[    0.216103] x86/mm: Memory block size: 128MB
[    0.220027] evm: security.selinux
[    0.221367] evm: security.SMACK64
[    0.222673] evm: security.SMACK64EXEC
[    0.223886] evm: security.SMACK64TRANSMUTE
[    0.224005] evm: security.SMACK64MMAP
[    0.225262] evm: security.apparmor
[    0.226399] evm: security.ima
[    0.228003] evm: security.capability
[    0.229479] clocksource: jiffies: mask: 0xffffffff max_cycles: 0xffffffff, max_idle_ns: 7645041785100000 ns
[    0.232020] futex hash table entries: 512 (order: 3, 32768 bytes)
[    0.236111] pinctrl core: initialized pinctrl subsystem
[    0.240061] RTC time: 15:48:06, date: 06/14/22
[    0.241815] NET: Registered protocol family 16
[    0.243486] audit: initializing netlink subsys (disabled)
[    0.244036] audit: type=2000 audit(1655221692.110:1): state=initialized audit_enabled=0 res=1
[    0.248031] cpuidle: using governor ladder
[    0.250956] cpuidle: using governor menu
[    0.252076] ACPI: bus type PCI registered
[    0.253550] acpiphp: ACPI Hot Plug PCI Controller Driver version: 0.5
[    0.256209] PCI: Using configuration type 1 for base access
[    0.264031] HugeTLB registered 2.00 MiB page size, pre-allocated 0 pages
[    0.268115] ACPI: Added _OSI(Module Device)
[    0.269557] ACPI: Added _OSI(Processor Device)
[    0.270888] ACPI: Added _OSI(3.0 _SCP Extensions)
[    0.272011] ACPI: Added _OSI(Processor Aggregator Device)
[    0.273623] ACPI: Added _OSI(Linux-Dell-Video)
[    0.276003] ACPI: Added _OSI(Linux-Lenovo-NV-HDMI-Audio)
[    0.277579] ACPI: Added _OSI(Linux-HPI-Hybrid-Graphics)
[    0.280380] ACPI: Executed 1 blocks of module-level executable AML code
[    0.291860] ACPI: Interpreter enabled
[    0.292020] ACPI: (supports S0 S5)
[    0.293097] ACPI: Using IOAPIC for interrupt routing
[    0.296014] PCI: Using host bridge windows from ACPI; if necessary, use "pci=nocrs" and report a bug
[    0.299351] ACPI: Enabled 2 GPEs in block 00 to 07
[    0.312799] ACPI: PCI Root Bridge [PCI0] (domain 0000 [bus 00-ff])
[    0.314588] acpi PNP0A03:00: _OSC: OS supports [ASPM ClockPM Segments MSI]
[    0.317208] acpi PNP0A03:00: _OSC: not requesting OS control; OS requires [ExtendedConfig ASPM ClockPM MSI]
[    0.320019] acpi PNP0A03:00: fail to add MMCONFIG information, can't access extended PCI configuration space under this bridge.
[    0.324669] PCI host bridge to bus 0000:00
[    0.325921] pci_bus 0000:00: root bus resource [io  0x0000-0x0cf7 window]
[    0.328004] pci_bus 0000:00: root bus resource [io  0x0d00-0xffff window]
[    0.330165] pci_bus 0000:00: root bus resource [mem 0x000a0000-0x000bffff window]
[    0.332011] pci_bus 0000:00: root bus resource [mem 0x64000000-0xfdffffff window]
[    0.334149] pci_bus 0000:00: root bus resource [bus 00-ff]
[    0.338915] pci 0000:00:01.1: legacy IDE quirk: reg 0x10: [io  0x01f0-0x01f7]
[    0.340005] pci 0000:00:01.1: legacy IDE quirk: reg 0x14: [io  0x03f6]
[    0.341803] pci 0000:00:01.1: legacy IDE quirk: reg 0x18: [io  0x0170-0x0177]
[    0.344009] pci 0000:00:01.1: legacy IDE quirk: reg 0x1c: [io  0x0376]
[    0.392497] pci 0000:00:07.0: quirk: [io  0x4000-0x403f] claimed by PIIX4 ACPI
[    0.396037] pci 0000:00:07.0: quirk: [io  0x4100-0x410f] claimed by PIIX4 SMB
[    0.426259] ACPI: PCI Interrupt Link [LNKA] (IRQs 5 9 10 *11)
[    0.428498] ACPI: PCI Interrupt Link [LNKB] (IRQs 5 9 *10 11)
[    0.432172] ACPI: PCI Interrupt Link [LNKC] (IRQs 5 *9 10 11)
[    0.434141] ACPI: PCI Interrupt Link [LNKD] (IRQs 5 9 10 *11)
[    0.436620] SCSI subsystem initialized
[    0.438020] pci 0000:00:02.0: vgaarb: setting as boot VGA device
[    0.438148] pci 0000:00:02.0: vgaarb: VGA device added: decodes=io+mem,owns=io+mem,locks=none
[    0.440037] pci 0000:00:02.0: vgaarb: bridge control possible
[    0.442397] vgaarb: loaded
[    0.444066] ACPI: bus type USB registered
[    0.445908] usbcore: registered new interface driver usbfs
[    0.448019] usbcore: registered new interface driver hub
[    0.449663] usbcore: registered new device driver usb
[    0.452105] EDAC MC: Ver: 3.0.0
[    0.453741] PCI: Using ACPI for IRQ routing
[    0.456452] NetLabel: Initializing
[    0.457447] NetLabel:  domain hash size = 128
[    0.460002] NetLabel:  protocols = UNLABELED CIPSOv4 CALIPSO
[    0.461561] NetLabel:  unlabeled traffic allowed by default
[    0.464127] clocksource: Switched to clocksource kvm-clock
[    0.492972] VFS: Disk quotas dquot_6.6.0
[    0.494253] VFS: Dquot-cache hash table entries: 512 (order 0, 4096 bytes)
[    0.496211] AppArmor: AppArmor Filesystem Enabled
[    0.497653] pnp: PnP ACPI init
[    0.500210] pnp: PnP ACPI: found 3 devices
[    0.513205] clocksource: acpi_pm: mask: 0xffffff max_cycles: 0xffffff, max_idle_ns: 2085701024 ns
[    0.515826] NET: Registered protocol family 2
[    0.517252] IP idents hash table entries: 32768 (order: 6, 262144 bytes)
[    0.519607] TCP established hash table entries: 16384 (order: 5, 131072 bytes)
[    0.523589] TCP bind hash table entries: 16384 (order: 6, 262144 bytes)
[    0.529108] TCP: Hash tables configured (established 16384 bind 16384)
[    0.531062] UDP hash table entries: 1024 (order: 3, 32768 bytes)
[    0.532822] UDP-Lite hash table entries: 1024 (order: 3, 32768 bytes)
[    0.534708] NET: Registered protocol family 1
[    0.536055] pci 0000:00:00.0: Limiting direct PCI/PCI transfers
[    0.538319] pci 0000:00:01.0: Activating ISA DMA hang workarounds
[    0.541799] pci 0000:00:02.0: Video device with shadowed ROM at [mem 0x000c0000-0x000dffff]
[    0.544395] Unpacking initramfs...
[    1.010839] Freeing initrd memory: 19532K
[    1.012810] clocksource: tsc: mask: 0xffffffffffffffff max_cycles: 0x229833f6470, max_idle_ns: 440795327230 ns
[    1.016807] platform rtc_cmos: registered platform RTC device (no PNP device found)
[    1.019270] Scanning for low memory corruption every 60 seconds
[    1.024490] Initialise system trusted keyrings
[    1.026093] Key type blacklist registered
[    1.027673] workingset: timestamp_bits=36 max_order=19 bucket_order=0
[    1.035361] zbud: loaded
[    1.037666] squashfs: version 4.0 (2009/01/31) Phillip Lougher
[    1.041968] fuse init (API version 7.26)
[    1.048196] Key type asymmetric registered
[    1.049721] Asymmetric key parser 'x509' registered
[    1.051343] Block layer SCSI generic (bsg) driver version 0.4 loaded (major 246)
[    1.053828] io scheduler noop registered
[    1.056036] io scheduler deadline registered
[    1.058269] io scheduler cfq registered (default)
[    1.060037] ACPI: AC Adapter [AC] (on-line)
[    1.061611] input: Power Button as /devices/LNXSYSTM:00/LNXPWRBN:00/input/input0
[    1.064260] ACPI: Power Button [PWRF]
[    1.065671] input: Sleep Button as /devices/LNXSYSTM:00/LNXSLPBN:00/input/input1
[    1.068172] ACPI: Sleep Button [SLPF]
[    1.071958] ACPI: Battery Slot [BAT0] (battery present)
[    1.074994] Serial: 8250/16550 driver, 32 ports, IRQ sharing enabled
[    1.098150] 00:02: ttyS0 at I/O 0x3f8 (irq = 4, base_baud = 115200) is a 16550A
[    1.102450] Linux agpgart interface v0.103
[    1.107891] loop: module loaded
[    1.109707] scsi host0: ata_piix
[    1.110917] scsi host1: ata_piix
[    1.112062] ata1: PATA max UDMA/33 cmd 0x1f0 ctl 0x3f6 bmdma 0xd000 irq 14
[    1.114044] ata2: PATA max UDMA/33 cmd 0x170 ctl 0x376 bmdma 0xd008 irq 15
[    1.116266] tun: Universal TUN/TAP device driver, 1.6
[    1.117994] PPP generic driver version 2.4.2
[    1.119401] ehci_hcd: USB 2.0 'Enhanced' Host Controller (EHCI) Driver
[    1.122261] ehci-pci: EHCI PCI platform driver
[    1.124844] ehci-platform: EHCI generic platform driver
[    1.126371] ohci_hcd: USB 1.1 'Open' Host Controller (OHCI) Driver
[    1.128180] ohci-pci: OHCI PCI platform driver
[    1.129484] ohci-platform: OHCI generic platform driver
[    1.130997] uhci_hcd: USB Universal Host Controller Interface driver
[    1.132930] i8042: PNP: PS/2 Controller [PNP0303:PS2K,PNP0f03:PS2M] at 0x60,0x64 irq 1,12
[    1.136511] serio: i8042 KBD port at 0x60,0x64 irq 1
[    1.140280] serio: i8042 AUX port at 0x60,0x64 irq 12
[    1.142793] mousedev: PS/2 mouse device common for all mice
[    1.145584] input: AT Translated Set 2 keyboard as /devices/platform/i8042/serio0/input/input2
[    1.149869] rtc_cmos rtc_cmos: rtc core: registered rtc_cmos as rtc0
[    1.152641] rtc_cmos rtc_cmos: alarms up to one day, 114 bytes nvram
[    1.157105] i2c /dev entries driver
[    1.158774] device-mapper: uevent: version 1.0.3
[    1.160929] device-mapper: ioctl: 4.37.0-ioctl (2017-09-20) initialised: dm-devel@redhat.com
[    1.164689] ledtrig-cpu: registered to indicate activity on CPUs
[    1.167372] NET: Registered protocol family 10
[    1.176786] Segment Routing with IPv6
[    1.178414] NET: Registered protocol family 17
[    1.180437] Key type dns_resolver registered
[    1.182719] mce: Using 0 MCE banks
[    1.184378] RAS: Correctable Errors collector initialized.
[    1.186983] sched_clock: Marking stable (1186917886, 0)->(1526355651, -339437765)
[    1.194286] registered taskstats version 1
[    1.195839] Loading compiled-in X.509 certificates
[    1.202027] Loaded X.509 cert 'Build time autogenerated kernel key: bf7408fbf6fb1533149f8498a029058066c47156'
[    1.209316] Loaded X.509 cert 'Canonical Ltd. Live Patch Signing: 14df34d1a87cf37625abec039ef2bf521249b969'
[    1.213794] Loaded X.509 cert 'Canonical Ltd. Kernel Module Signing: 88f752e560a1e0737e31163a466ad7b70a850c19'
[    1.218109] blacklist: Loading compiled-in revocation X.509 certificates
[    1.221305] Loaded X.509 cert 'Canonical Ltd. Secure Boot Signing: 61482aa2830d0ab2ad5af10b7250da9033ddcef0'
[    1.226840] zswap: loaded using pool lzo/zbud
[    1.233334] Key type big_key registered
[    1.235063] Key type trusted registered
[    1.241918] Key type encrypted registered
[    1.243734] AppArmor: AppArmor sha1 policy hashing enabled
[    1.246091] ima: No TPM chip found, activating TPM-bypass! (rc=-19)
[    1.248761] ima: Allocated hash algorithm: sha1
[    1.250575] evm: HMAC attrs: 0x1
[    1.252513]   Magic number: 10:430:841
[    1.254907] rtc_cmos rtc_cmos: setting system clock to 2022-06-14 15:48:07 UTC (1655221687)
[    1.259616] BIOS EDD facility v0.16 2004-Jun-25, 0 devices found
[    1.261338] EDD information not available.
[    1.307015] Freeing unused kernel image memory: 2468K
[    1.316620] Write protecting the kernel read-only data: 20480k
[    1.318993] Freeing unused kernel image memory: 2008K
[    1.321507] Freeing unused kernel image memory: 1820K
[    1.335129] x86/mm: Checked W+X mappings: passed, no W+X pages found.
[    1.336968] x86/mm: Checking user space page tables
[    1.350291] x86/mm: Checked W+X mappings: passed, no W+X pages found.
Loading, please wait...
starting version 237
[    1.463231] Fusion MPT base driver 3.04.20
[    1.465075] Copyright (c) 1999-2008 LSI Corporation
[    1.519988] e1000: Intel(R) PRO/1000 Network Driver - version 7.3.21-k8-NAPI
[    1.525229] e1000: Copyright (c) 1999-2006 Intel Corporation.
[    1.531515] AVX2 version of gcm_enc/dec engaged.
[    1.533592] AES CTR mode by8 optimization enabled
[    1.537069] Fusion MPT SPI Host driver 3.04.20
[    1.751570] input: ImExPS/2 Generic Explorer Mouse as /devices/platform/i8042/serio1/input/input4
[    1.997355] e1000 0000:00:03.0 eth0: (PCI:33MHz:32-bit) 02:7b:b6:d3:df:31
[    1.999633] e1000 0000:00:03.0 eth0: Intel(R) PRO/1000 Network Connection
[    2.473885] e1000 0000:00:08.0 eth1: (PCI:33MHz:32-bit) 08:00:27:e1:97:55
[    2.476192] e1000 0000:00:08.0 eth1: Intel(R) PRO/1000 Network Connection
[    2.480129] mptbase: ioc0: Initiating bringup
[    2.480186] e1000 0000:00:08.0 enp0s8: renamed from eth1
[    2.504916] e1000 0000:00:03.0 enp0s3: renamed from eth0
[    3.428243] ioc0: LSI53C1030 A0: Capabilities={Initiator}
[    6.044383] scsi host2: ioc0: LSI53C1030 A0, FwRev=00000000h, Ports=1, MaxQ=256, IRQ=20
[    9.382683] scsi 2:0:0:0: Direct-Access     VBOX     HARDDISK         1.0  PQ: 0 ANSI: 5
[    9.416323] scsi target2:0:0: Beginning Domain Validation
[    9.423411] scsi target2:0:0: Domain Validation skipping write tests
[    9.425725] scsi target2:0:0: Ending Domain Validation
[    9.427696] scsi target2:0:0: asynchronous
[    9.430542] scsi 2:0:1:0: Direct-Access     VBOX     HARDDISK         1.0  PQ: 0 ANSI: 5
[    9.464040] scsi target2:0:1: Beginning Domain Validation
[    9.467216] random: fast init done
[    9.470895] scsi target2:0:1: Domain Validation skipping write tests
[    9.476092] scsi target2:0:1: Ending Domain Validation
[    9.477972] scsi target2:0:1: asynchronous
[    9.487836] sd 2:0:0:0: Attached scsi generic sg0 type 0
[    9.489778] sd 2:0:0:0: [sda] 83886080 512-byte logical blocks: (42.9 GB/40.0 GiB)
[    9.491803] sd 2:0:1:0: Attached scsi generic sg1 type 0
[    9.494944] random: systemd-udevd: uninitialized urandom read (16 bytes read)
[    9.499636] random: systemd-udevd: uninitialized urandom read (16 bytes read)
[    9.502160] sd 2:0:0:0: [sda] Write Protect is off
[    9.504190] random: systemd-udevd: uninitialized urandom read (16 bytes read)
[    9.509492] sd 2:0:1:0: [sdb] 20480 512-byte logical blocks: (10.5 MB/10.0 MiB)
[    9.509655] sd 2:0:0:0: [sda] Incomplete mode parameter data
[    9.514257] sd 2:0:0:0: [sda] Assuming drive cache: write through
[    9.514299] sd 2:0:1:0: [sdb] Write Protect is off
[    9.519299] sd 2:0:1:0: [sdb] Incomplete mode parameter data
[    9.519920]  sda: sda1
[    9.522775] sd 2:0:1:0: [sdb] Assuming drive cache: write through
[    9.527009] sd 2:0:0:0: [sda] Attached SCSI disk
[    9.533752] sd 2:0:1:0: [sdb] Attached SCSI disk
Begin: Loading essential drivers ... [   12.140138] raid6: sse2x1   gen()  7829 MB/s
[   12.188525] raid6: sse2x1   xor()  5977 MB/s
[   12.236064] raid6: sse2x2   gen()  9256 MB/s
[   12.288344] raid6: sse2x2   xor()  6655 MB/s
[   12.336118] raid6: sse2x4   gen() 11345 MB/s
[   12.384102] raid6: sse2x4   xor()  7008 MB/s
[   12.432132] raid6: avx2x1   gen() 15380 MB/s
[   12.480028] raid6: avx2x1   xor() 10811 MB/s
[   12.528164] raid6: avx2x2   gen() 17071 MB/s
[   12.576079] raid6: avx2x2   xor()  9533 MB/s
[   12.624103] raid6: avx2x4   gen() 18976 MB/s
[   12.672498] raid6: avx2x4   xor() 12805 MB/s
[   12.674930] raid6: using algorithm avx2x4 gen() 18976 MB/s
[   12.676813] raid6: .... xor() 12805 MB/s, rmw enabled
[   12.678532] raid6: using avx2x2 recovery algorithm
[   12.681369] xor: automatically using best checksumming function   avx       
[   12.684983] async_tx: api initialized (async)
done.
Begin: Running /scripts/init-premount ... done.
Begin: Mounting root file system ... Begin: Running /scripts/local-top ... done.
Begin: Running /scripts/local-premount ... [   12.757490] Btrfs loaded, crc32c=crc32c-intel
Scanning for Btrfs filesystems
done.
Warning: fsck not present, so skipping root file system
[   12.811418] EXT4-fs (sda1): mounted filesystem with ordered data mode. Opts: (null)
done.
Begin: Running /scripts/local-bottom ... done.
Begin: Running /scripts/init-bottom ... done.
[   13.089936] ip_tables: (C) 2000-2006 Netfilter Core Team
[   13.111247] systemd[1]: systemd 237 running in system mode. (+PAM +AUDIT +SELINUX +IMA +APPARMOR +SMACK +SYSVINIT +UTMP +LIBCRYPTSETUP +GCRYPT +GNUTLS +ACL +XZ +LZ4 +SECCOMP +BLKID +ELFUTILS +KMOD -IDN2 +IDN -PCRE2 default-hierarchy=hybrid)
[   13.118744] systemd[1]: Detected virtualization oracle.
[   13.121066] systemd[1]: Detected architecture x86-64.

Welcome to [1mUbuntu 18.04.6 LTS[0m!

[   13.131591] systemd[1]: Set hostname to <ubuntu>.
[   13.137351] systemd[1]: Initializing machine ID from random generator.
[   13.141421] systemd[1]: Installed transient /etc/machine-id file.
[   13.578821] systemd[1]: Reached target System Time Synchronized.
[[0;32m  OK  [0m] Reached target System Time Synchronized.
[   13.583831] systemd[1]: Created slice System Slice.
[[0;32m  OK  [0m] Created slice System Slice.
[   13.587365] systemd[1]: Listening on /dev/initctl Compatibility Named Pipe.
[[0;32m  OK  [0m] Listening on /dev/initctl Compatibility Named Pipe.
[   13.593977] systemd[1]: Listening on udev Control Socket.
[[0;32m  OK  [0m] Listening on udev Control Socket.
[[0;32m  OK  [0m] Listening on udev Kernel Socket.
[[0;32m  OK  [0m] Listening on LVM2 poll daemon socket.
[[0;32m  OK  [0m] Listening on Journal Audit Socket.
[[0;32m  OK  [0m] Listening on LVM2 metadata daemon socket.
[[0;32m  OK  [0m] Listening on Syslog Socket.
[[0;32m  OK  [0m] Listening on Device-mapper event daemon FIFOs.
[[0;32m  OK  [0m] Listening on Journal Socket.
         Starting udev Coldplug all Devices...
         Starting Load Kernel Modules...
         Starting Create list of required st…ce nodes for the current kernel...
         Mounting Kernel Debug File System...
         Starting Uncomplicated firewall...
         Mounting Huge Pages File System...
[[0;32m  OK  [0m] Created slice system-serial\x2dgetty.slice.
[[0;32m  OK  [0m] Listening on Network Service Netlink Socket.
[[0;32m  OK  [0m] Created slice User and Session Slice.
[   13.658180] Loading iSCSI transport class v2.0-870.
[[0;32m  OK  [0m] Reached target Slices.
[[0;32m  OK  [0m] Started Forward Password Requests to Wall Directory Watch.
[[0;32m  OK  [0m] Reached target User and Group Name Lookups.
         Starting Set the console keyboard layout...
[[0;32m  OK  [0m] Listening on fsck to fsckd communication Socket.
         Starting File System Check on Root Device...
         Starting Monitoring of LVM2 mirrors…ng dmeventd or progress polling...
[   13.697477] iscsi: registered transport (tcp)
[[0;32m  OK  [0m] Listening on Journal Socket (/dev/log).
         Starting Journal Service...
[[0;32m  OK  [0m] Set up automount Arbitrary Executab…rmats File System Automount Point.
         Mounting POSIX Message Queue File System...
[[0;32m  OK  [0m] Reached target Swap.
[[0;32m  OK  [0m] Started Create list of required sta…vice nodes for the current kernel.
[[0;32m  OK  [0m] Mounted Kernel Debug File System.
[[0;32m  OK  [0m] Started Uncomplicated firewall.
[[0;32m  OK  [0m] Mounted Huge Pages File System.
[[0;32m  OK  [0m] Mounted POSIX Message Queue File System.
[[0;32m  OK  [0m] Started LVM2 metadata daemon.
[[0;32m  OK  [0m] Started File System Check Daemon to report status.
         Starting Create Static Device Nodes in /dev...
[[0;32m  OK  [0m] Started Journal Service.
[[0;32m  OK  [0m] Started udev Coldplug all Devices.
[   13.886222] iscsi: registered transport (iser)
[[0;32m  OK  [0m] Started Load Kernel Modules.
         Starting Apply Kernel Variables...
         Mounting Kernel Configuration File System...
         Mounting FUSE Control File System...
[[0;32m  OK  [0m] Mounted Kernel Configuration File System.
[[0;32m  OK  [0m] Mounted FUSE Control File System.
[[0;32m  OK  [0m] Started File System Check on Root Device.
         Starting Remount Root and Kernel File Systems...
[[0;32m  OK  [0m] Started Monitoring of LVM2 mirrors,…sing dmeventd or progress polling.
[[0;32m  OK  [0m] Started Apply Kernel Variables.
[[0;32m  OK  [0m] Started Remount Root and Kernel File Systems.
         Starting Load/Save Random Seed...
         Starting Flush Journal to Persistent Storage...
[[0;32m  OK  [0m] Started Create Static Device Nodes in /dev.
         Starting udev Kernel Device Manager...
[[0;32m  OK  [0m] Started Load/Save Random Seed.
[[0;32m  OK  [0m] Started udev Kernel Device Manager.
[[0;32m  OK  [0m] Started Flush Journal to Persistent Storage.
[[0;32m  OK  [0m] Found device /dev/ttyS0.
[[0;32m  OK  [0m] Listening on Load/Save RF Kill Switch Status /dev/rfkill Watch.
[[0;32m  OK  [0m] Started Set the console keyboard layout.
[[0;32m  OK  [0m] Reached target Local File Systems (Pre).
[[0;32m  OK  [0m] Reached target Local File Systems.
         Starting Create Volatile Files and Directories...
         Starting Set console font and keymap...
         Starting AppArmor initialization...
         Starting Commit a transient machine-id on disk...
         Starting ebtables ruleset management...
         Starting Tell Plymouth To Write Out Runtime Data...
[[0;32m  OK  [0m] Started Dispatch Password Requests to Console Directory Watch.
[[0;32m  OK  [0m] Reached target Local Encrypted Volumes.
[[0;32m  OK  [0m] Started Set console font and keymap.
[[0;32m  OK  [0m] Started Tell Plymouth To Write Out Runtime Data.
[[0;32m  OK  [0m] Started Create Volatile Files and Directories.
         Starting Update UTMP about System Boot/Shutdown...
[[0;32m  OK  [0m] Started Update UTMP about System Boot/Shutdown.
[[0;32m  OK  [0m] Started Commit a transient machine-id on disk.
[[0;32m  OK  [0m] Started ebtables ruleset management.
[[0;32m  OK  [0m] Started AppArmor initialization.
         Starting Load AppArmor profiles managed internally by snapd...
         Starting Initial cloud-init job (pre-networking)...
[[0;32m  OK  [0m] Started Load AppArmor profiles managed internally by snapd.
[   20.397053] cloud-init[618]: Cloud-init v. 22.1-14-g2e17a0d6-0ubuntu1~18.04.3 running 'init-local' at Tue, 14 Jun 2022 15:48:25 +0000. Up 19.74 seconds.
[[0;32m  OK  [0m] Started Initial cloud-init job (pre-networking).
[[0;32m  OK  [0m] Reached target Network (Pre).
         Starting Network Service...
[[0;32m  OK  [0m] Started Network Service.
         Starting Wait for Network to be Configured...
         Starting Network Name Resolution...
[[0;32m  OK  [0m] Started Network Name Resolution.
[[0;32m  OK  [0m] Reached target Host and Network Name Lookups.
[[0;32m  OK  [0m] Reached target Network.
[[0;32m  OK  [0m] Started Wait for Network to be Configured.
         Starting Initial cloud-init job (metadata service crawler)...
[   22.947262] cloud-init[734]: Cloud-init v. 22.1-14-g2e17a0d6-0ubuntu1~18.04.3 running 'init' at Tue, 14 Jun 2022 15:48:28 +0000. Up 22.46 seconds.
[   22.954795] cloud-init[734]: ci-info: ++++++++++++++++++++++++++++++++++++++Net device info+++++++++++++++++++++++++++++++++++++++
[   22.959625] cloud-init[734]: ci-info: +--------+-------+----------------------------+---------------+--------+-------------------+
[   22.964209] cloud-init[734]: ci-info: | Device |   Up  |          Address           |      Mask     | Scope  |     Hw-Address    |
[   22.967887] cloud-init[734]: ci-info: +--------+-------+----------------------------+---------------+--------+-------------------+
[   22.974397] cloud-init[734]: ci-info: | enp0s3 |  True |         10.0.2.15          | 255.255.255.0 | global | 02:7b:b6:d3:df:31 |
[   22.978228] cloud-init[734]: ci-info: | enp0s3 |  True | fe80::7b:b6ff:fed3:df31/64 |       .       |  link  | 02:7b:b6:d3:df:31 |
[   22.982355] cloud-init[734]: ci-info: | enp0s8 | False |             .              |       .       |   .    | 08:00:27:e1:97:55 |
[   22.984969] cloud-init[734]: ci-info: |   lo   |  True |         127.0.0.1          |   255.0.0.0   |  host  |         .         |
[   22.989448] cloud-init[734]: ci-info: |   lo   |  True |          ::1/128           |       .       |  host  |         .         |
[   22.992254] cloud-init[734]: ci-info: +--------+-------+----------------------------+---------------+--------+-------------------+
[   22.994494] cloud-init[734]: ci-info: ++++++++++++++++++++++++++++Route IPv4 info+++++++++++++++++++++++++++++
[   22.996438] cloud-init[734]: ci-info: +-------+-------------+----------+-----------------+-----------+-------+
[   22.998809] cloud-init[734]: ci-info: | Route | Destination | Gateway  |     Genmask     | Interface | Flags |
[   23.000822] cloud-init[734]: ci-info: +-------+-------------+----------+-----------------+-----------+-------+
[   23.012304] cloud-init[734]: ci-info: |   0   |   0.0.0.0   | 10.0.2.2 |     0.0.0.0     |   enp0s3  |   UG  |
[   23.014557] cloud-init[734]: ci-info: |   1   |   10.0.2.0  | 0.0.0.0  |  255.255.255.0  |   enp0s3  |   U   |
[   23.016771] cloud-init[734]: ci-info: |   2   |   10.0.2.2  | 0.0.0.0  | 255.255.255.255 |   enp0s3  |   UH  |
[   23.019127] cloud-init[734]: ci-info: +-------+-------------+----------+-----------------+-----------+-------+
[   23.024102] cloud-init[734]: ci-info: +++++++++++++++++++Route IPv6 info+++++++++++++++++++
[   23.025871] cloud-init[734]: ci-info: +-------+-------------+---------+-----------+-------+
[   23.027525] cloud-init[734]: ci-info: | Route | Destination | Gateway | Interface | Flags |
[   23.029552] cloud-init[734]: ci-info: +-------+-------------+---------+-----------+-------+
[   23.031379] cloud-init[734]: ci-info: |   1   |  fe80::/64  |    ::   |   enp0s3  |   U   |
[   23.033391] cloud-init[734]: ci-info: |   3   |    local    |    ::   |   enp0s3  |   U   |
[   23.035104] cloud-init[734]: ci-info: |   4   |   ff00::/8  |    ::   |   enp0s3  |   U   |
[   23.039178] cloud-init[734]: ci-info: +-------+-------------+---------+-----------+-------+
[   23.824171] cloud-init[734]: Generating public/private rsa key pair.
[   23.826065] cloud-init[734]: Your identification has been saved in /etc/ssh/ssh_host_rsa_key.
[   23.829064] cloud-init[734]: Your public key has been saved in /etc/ssh/ssh_host_rsa_key.pub.
[   23.832415] cloud-init[734]: The key fingerprint is:
[   23.833822] cloud-init[734]: SHA256:KB8dDdg0Wxihy1MVlJJQ3/SGVyn5bjGyzSze4GJwPTY root@ubuntu-bionic
[   23.836559] cloud-init[734]: The key's randomart image is:
[   23.841249] cloud-init[734]: +---[RSA 2048]----+
[   23.843222] cloud-init[734]: |      .*B*=o. . o|
[   23.856359] cloud-init[734]: |      ..=O.o = o |
[   23.857793] cloud-init[734]: |      . +.o o *  |
[   23.859700] cloud-init[734]: |     . = .   + + |
[   23.861615] cloud-init[734]: |    . * S   . B o|
[   23.863397] cloud-init[734]: |     o o . . E * |
[   23.865055] cloud-init[734]: |      .   o + B  |
[   23.867112] cloud-init[734]: |           o o . |
[   23.869194] cloud-init[734]: |          . .    |
[   23.873396] cloud-init[734]: +----[SHA256]-----+
[   23.875544] cloud-init[734]: Generating public/private dsa key pair.
[   23.877824] cloud-init[734]: Your identification has been saved in /etc/ssh/ssh_host_dsa_key.
[   23.879522] cloud-init[734]: Your public key has been saved in /etc/ssh/ssh_host_dsa_key.pub.
[   23.881300] cloud-init[734]: The key fingerprint is:
[   23.883213] cloud-init[734]: SHA256:6GQS7QXqGIr4HGC82GchnSy5PYhIodgSDH7OsloEYm4 root@ubuntu-bionic
[   23.885137] cloud-init[734]: The key's randomart image is:
[   23.886675] cloud-init[734]: +---[DSA 1024]----+
[   23.890548] cloud-init[734]: |=.    .          |
[   23.892430] cloud-init[734]: |=+.+ + .         |
[   23.904861] cloud-init[734]: |B**.B . .        |
[   23.907628] cloud-init[734]: |@B=X + o         |
[   23.909708] cloud-init[734]: |BEBoB = S        |
[   23.911533] cloud-init[734]: |.+o+ *           |
[   23.913543] cloud-init[734]: | .+   .          |
[   23.915455] cloud-init[734]: |..               |
[   23.917341] cloud-init[734]: |.                |
[   23.919181] cloud-init[734]: +----[SHA256]-----+
[   23.923170] cloud-init[734]: Generating public/private ecdsa key pair.
[   23.925502] cloud-init[734]: Your identification has been saved in /etc/ssh/ssh_host_ecdsa_key.
[   23.928154] [[0;32m  OK  [0m] Started Initial cloud-init job (metadata service crawler).
[[0;32m  OK  [0m] Reached target Network is Online.
cloud-init[734]: Your public key has been saved in /etc/ssh/ssh_host_ecdsa_key.pub.
         Starting Availability of block devices...
[[0;32m  OK  [0m] Reached target Remote File Systems (Pre).
[[0;32m  OK  [0m] Reached target Remote File Systems.
[[0;32m  OK  [0m] Reached target System Initialization.
[   23.943033] cloud-init[734]: The key fingerprint is:
[[0;32m  OK  [0m] Started Trigger to poll for Ubuntu …(Only enabled on GCP LTS non-pro).
[   23.962215] cloud-init[734]: [[0;32m  OK  [0m] Started ACPI Events Check.
[SHA256:5NbrOODL3eam6tusBHt36kdcnlWda1RolBdfyeYEjU8 root@ubuntu-bionic
[0;32m  OK  [0m] Started Daily apt download activities.
[[0;32m  OK  [0m] Listening on D-Bus System Message Bus Socket.
         Starting Socket activation for snappy daemon.
[[0;32m  OK  [0m] Listening on Open-iSCSI iscsid Socket.
[[0;32m  OK  [0m] Reached target Paths.
[[0;32m  OK  [0m] Listening on ACPID Listen Socket.
[[0;32m  OK  [0m] Started Discard unused blocks once a week.
[[0;32m  OK  [0m] Started Daily Cleanup of Temporary Directories.
[[0;32m  OK  [0m] Started Daily apt upgrade and clean activities.
[   23.977602] cloud-init[734]: The key's randomart image is:
[[0;32m  OK  [0m[   23.983223] cloud-init[734]: +---[ECDSA 256]---+
[   23.984087] cloud-init[734]: |             o*+O|
[   23.984793] cloud-init[734]: |             .+E*|
[   23.985489] cloud-init[734]: |        .    .Boo|
[   23.986348] cloud-init[734]: |       o .  . .= |
[   23.988127] cloud-init[734]: |    .   S..o o.  |
[   23.990917] cloud-init[734]: |     o..  o.o    |
[   23.991280] cloud-init[734]: |    ..o...o      |
[   23.991666] ] Listening on UUID daemon activation socket.cloud-init[734]: |     +.=.*+      |
[   23.994555] cloud-init[734]: |     .B*OB+      |
[   23.995667] cloud-init[734]: +----[SHA256]-----+
[   23.996718] cloud-init[734]: Generating public/private ed25519 key pair.
[   23.997877] cloud-init[734]: Your identification has been saved in /etc/ssh/ssh_host_ed25519_key.
[   23.999724] cloud-init[734]: Your public key has been saved in /etc/ssh/ssh_host_ed25519_key.pub.
[   24.001228] cloud-init[734]: The key fingerprint is:
[   24.002431] cloud-init[734]: SHA256:zl5d1TvSRD5VqR1E5oCQnSMYPOE283QIU6UyC6gzGGg root@ubuntu-bionic
[   24.002754] cloud-init[734]: The key's randomart image is:
[   24.002849] cloud-init[734]: +--[ED25519 256]--+

[   24.006031] cloud-init[734]: |      .==o=.o.o==|
         [   24.022836] cloud-init[734]: |.   . .+ooo=  *oo|
[   24.023614] cloud-init[734]: |oE . . B.+... o=+|
[   24.025756] cloud-init[734]: |o..   o O .  .ooo|
[   24.026398] cloud-init[734]: |.+     .S.   ..+ |
[   24.029569] cloud-init[734]: |  o    o   . .. .|
[   24.031708] cloud-init[734]: |        o . .    |
[   24.032687] cloud-init[734]: |       . .       |
[   24.035808] cloud-init[734]: |        .        |
[   24.035904] cloud-init[734]: +----[SHA256]-----+
Starting LXD - unix socket.
[[0;32m  OK  [0m] Started Ubuntu Advantage Timer for running repeated jobs.
[[0;32m  OK  [0m] Started Message of the Day.
[[0;32m  OK  [0m] Reached target Timers.
[[0;32m  OK  [0m] Listening on cloud-init hotplug hook socket.
[[0;32m  OK  [0m] Reached target Cloud-config availability.
[[0;32m  OK  [0m] Started Availability of block devices.
[[0;32m  OK  [0m] Listening on Socket activation for snappy daemon.
[[0;32m  OK  [0m] Listening on LXD - unix socket.
[[0;32m  OK  [0m] Reached target Sockets.
[[0;32m  OK  [0m] Reached target Basic System.
         Starting Accounts Service...
[[0;32m  OK  [0m] Started Regular background program processing daemon.
[[0;32m  OK  [0m] Started D-Bus System Message Bus.
[[0;32m  OK  [0m] Started Deferred execution scheduler.
         Starting Dispatcher daemon for systemd-networkd...
         Starting Virtualbox guest utils...
         Starting LSB: automatic crash report generation...
         Starting LSB: Record successful boot for GRUB...
         Starting LXD - container startup/shutdown...
         Starting Permit User Sessions...
         Starting Snap Daemon...
[[0;32m  OK  [0m] Started FUSE filesystem for LXC.
         Starting Pollinate to seed the pseudo random number generator...
         Starting System Logging Service...
[[0;32m  OK  [0m] Started irqbalance daemon.
         Starting Login Service...
[[0;32m  OK  [0m] Started Permit User Sessions.
[[0;32m  OK  [0m] Started System Logging Service.
         Starting Authorization Manager...
         Starting Terminate Plymouth Boot Screen...
         Starting Hold until boot process finishes up...
[[0;32m  OK  [0m] Started Hold until boot process finishes up.
         Starting Set console scheme...
[[0;32m  OK  [0m] Started Serial Getty on ttyS0.
[[0;32m  OK  [0m] Started Terminate Plymouth Boot Screen.
[[0;32m  OK  [0m] Started Login Service.
[[0;32m  OK  [0m] Started Unattended Upgrades Shutdown.
[[0;32m  OK  [0m] Started Authorization Manager.
[[0;32m  OK  [0m] Started Accounts Service.
[[0;32m  OK  [0m] Started Set console scheme.
[[0;32m  OK  [0m] Created slice system-getty.slice.
[[0;32m  OK  [0m] Started Getty on tty1.
[[0;32m  OK  [0m] Reached target Login Prompts.
[[0;32m  OK  [0m] Started LSB: automatic crash report generation.
[[0;32m  OK  [0m] Started LSB: Record successful boot for GRUB.
[[0;32m  OK  [0m] Started Virtualbox guest utils.
[[0;32m  OK  [0m] Started LXD - container startup/shutdown.
[[0;32m  OK  [0m] Started Dispatcher daemon for systemd-networkd.
[[0;32m  OK  [0m] Started Snap Daemon.
         Starting Wait until snapd is fully seeded...
         Starting Time & Date Service...
[[0;32m  OK  [0m] Started Time & Date Service.
[[0;32m  OK  [0m] Started Pollinate to seed the pseudo random number generator.
         Starting OpenBSD Secure Shell server...
[[0;32m  OK  [0m] Started OpenBSD Secure Shell server.
[[0;32m  OK  [0m] Created slice User Slice of vagrant.
         Starting User Manager for UID 1000...
[[0;32m  OK  [0m] Started Session 1 of user vagrant.
[[0;32m  OK  [0m] Started User Manager for UID 1000.
[[0;32m  OK  [0m] Started Wait until snapd is fully seeded.
         Starting Apply the settings specified in cloud-config...
[[0;32m  OK  [0m] Reached target Multi-User System.
[[0;32m  OK  [0m] Reached target Graphical Interface.
         Starting Update UTMP about System Runlevel Changes...
[[0;32m  OK  [0m] Started Update UTMP about System Runlevel Changes.
[   30.542135] cloud-init[1281]: Cloud-init v. 22.1-14-g2e17a0d6-0ubuntu1~18.04.3 running 'modules:config' at Tue, 14 Jun 2022 15:48:35 +0000. Up 29.02 seconds.

Ubuntu 18.04.6 LTS ubuntu-bionic ttyS0

ubuntu-bionic login: ci-info: no authorized SSH keys fingerprints found for user ubuntu.
<14>Jun 14 15:48:38 cloud-init: #############################################################
<14>Jun 14 15:48:38 cloud-init: -----BEGIN SSH HOST KEY FINGERPRINTS-----
<14>Jun 14 15:48:38 cloud-init: 1024 SHA256:6GQS7QXqGIr4HGC82GchnSy5PYhIodgSDH7OsloEYm4 root@ubuntu-bionic (DSA)
<14>Jun 14 15:48:38 cloud-init: 256 SHA256:5NbrOODL3eam6tusBHt36kdcnlWda1RolBdfyeYEjU8 root@ubuntu-bionic (ECDSA)
<14>Jun 14 15:48:38 cloud-init: 256 SHA256:zl5d1TvSRD5VqR1E5oCQnSMYPOE283QIU6UyC6gzGGg root@ubuntu-bionic (ED25519)
<14>Jun 14 15:48:38 cloud-init: 2048 SHA256:KB8dDdg0Wxihy1MVlJJQ3/SGVyn5bjGyzSze4GJwPTY root@ubuntu-bionic (RSA)
<14>Jun 14 15:48:38 cloud-init: -----END SSH HOST KEY FINGERPRINTS-----
<14>Jun 14 15:48:38 cloud-init: #############################################################
-----BEGIN SSH HOST KEY KEYS-----
ecdsa-sha2-nistp256 AAAAE2VjZHNhLXNoYTItbmlzdHAyNTYAAAAIbmlzdHAyNTYAAABBBFTapsP6IJXG1LQHAGDHKDDDxYqnQVyoVDlgdUl+6vfEtD8RghlkRrJ7lBrkb2LFDyjAacLVtPDC5nqou4C9xGU= root@ubuntu-bionic
ssh-ed25519 AAAAC3NzaC1lZDI1NTE5AAAAIBct1GKZh9HL5TSxhSqm7w5KNRG3vSBNYY1G2mTe3foA root@ubuntu-bionic
ssh-rsa AAAAB3NzaC1yc2EAAAADAQABAAABAQDW7xPkOu1sdDWlespgY7yoCY0wfpRfoAuVYeSX7maNL9XEcX4vgROAnnjAhe3HmGl64wgJXglbdqAUgzH9y33P3IClOX6/IXMypCyxE0GJXQX6v4GBiCksmatrYmm4CIbaAxfAiiDus37dQrqK61O5ueRifT8k7bY4aeu+2HmfhVNjDaG1Fta/toYH8ZLxPcaL0WoM5LTiimMtp7jkHZ9BIe36/UqGjdugvbjb/7rWabBkO0IWfwTnIEnwlCEZ9HVo9guNB9w2Lj9h7BOVKcS7NXZI+TqT5voaPnNbekWcFPkgGTqOfvTDqT+HMsRGYRFpBFrBn+TdrDCuA2JEadYf root@ubuntu-bionic
-----END SSH HOST KEY KEYS-----
[   32.319659] cloud-init[1413]: Cloud-init v. 22.1-14-g2e17a0d6-0ubuntu1~18.04.3 running 'modules:final' at Tue, 14 Jun 2022 15:48:38 +0000. Up 31.88 seconds.
[   32.320774] cloud-init[1413]: Cloud-init v. 22.1-14-g2e17a0d6-0ubuntu1~18.04.3 finished at Tue, 14 Jun 2022 15:48:38 +0000. Datasource DataSourceNoCloud [seed=/dev/sdb][dsmode=net].  Up 32.29 seconds
         Stopping Availability of block devices...
         Stopping Authorization Manager...
         Stopping Session 5 of user vagrant.
         Stopping User Manager for UID 1000...
[[0;32m  OK  [0m] Stopped target Timers.
[[0;32m  OK  [0m] Stopped Discard unused blocks once a week.
[[0;32m  OK  [0m] Stopped Message of the Day.
[[0;32m  OK  [0m] Stopped Daily apt upgrade and clean activities.
[[0;32m  OK  [0m] Stopped Daily apt download activities.
[[0;32m  OK  [0m] Stopped Ubuntu Advantage Timer for running repeated jobs.
[[0;32m  OK  [0m] Stopped target Graphical Interface.
[[0;32m  OK  [0m] Stopped Daily Cleanup of Temporary Directories.
[[0;32m  OK  [0m] Stopped target System Time Synchronized.
         Stopping Accounts Service...
[[0;32m  OK  [0m] Closed Load/Save RF Kill Switch Status /dev/rfkill Watch.
[[0;32m  OK  [0m] Stopped target Cloud-init target.
[[0;32m  OK  [0m] Stopped Execute cloud user/final scripts.
[[0;32m  OK  [0m] Stopped Apply the settings specified in cloud-config.
[[0;32m  OK  [0m] Stopped target Cloud-config availability.
[[0;32m  OK  [0m] Stopped target Multi-User System.
         Stopping irqbalance daemon...
[[0;32m  OK  [0m] Stopped Wait until snapd is fully seeded.
         Stopping FUSE filesystem for LXC...
         Stopping LSB: Record successful boot for GRUB...
         Stopping OpenBSD Secure Shell server...
         Stopping Regular background program processing daemon...
         Stopping The Apache HTTP Server...
[[0;32m  OK  [0m] Stopped target Login Prompts.
         Stopping Serial Getty on ttyS0...
         Stopping Getty on tty1...
         Stopping LXD - container startup/shutdown...
         Stopping System Logging Service...
         Stopping Deferred execution scheduler...
         Stopping D-Bus System Message Bus...
         Stopping LSB: automatic crash report generation...
         Stopping Virtualbox guest utils...
         Stopping Dispatcher daemon for systemd-networkd...
[[0;32m  OK  [0m] Unmounted /var/lib/lxcfs.
[[0;32m  OK  [0m] Stopped Accounts Service.
[[0;32m  OK  [0m] Stopped Regular background program processing daemon.
[[0;32m  OK  [0m] Stopped Deferred execution scheduler.
[[0;32m  OK  [0m] Stopped Dispatcher daemon for systemd-networkd.
[[0;32m  OK  [0m] Stopped System Logging Service.
[[0;32m  OK  [0m] Stopped irqbalance daemon.
[[0;32m  OK  [0m] Stopped Authorization Manager.
[[0;32m  OK  [0m] Stopped Serial Getty on ttyS0.
[[0;32m  OK  [0m] Stopped Getty on tty1.
[[0;32m  OK  [0m] Stopped OpenBSD Secure Shell server.
[[0;32m  OK  [0m] Stopped User Manager for UID 1000.
[[0;32m  OK  [0m] Stopped Availability of block devices.
[[0;32m  OK  [0m] Stopped D-Bus System Message Bus.
[[0;32m  OK  [0m] Stopped FUSE filesystem for LXC.
[[0;32m  OK  [0m] Stopped Session 5 of user vagrant.
[[0;32m  OK  [0m] Stopped LXD - container startup/shutdown.
[[0;32m  OK  [0m] Removed slice User Slice of vagrant.
         Stopping Login Service...
[[0;32m  OK  [0m] Removed slice system-getty.slice.
         Stopping Permit User Sessions...
[[0;32m  OK  [0m] Removed slice system-serial\x2dgetty.slice.
[[0;32m  OK  [0m] Stopped LSB: Record successful boot for GRUB.
[[0;32m  OK  [0m] Stopped Permit User Sessions.
[[0;32m  OK  [0m] Stopped LSB: automatic crash report generation.
[[0;32m  OK  [0m] Stopped The Apache HTTP Server.
[[0;32m  OK  [0m] Stopped target Host and Network Name Lookups.
[[0;32m  OK  [0m] Stopped target Remote File Systems.
         Unmounting /vagrant...
[[0;32m  OK  [0m] Unmounted /vagrant.
[[0;32m  OK  [0m] Stopped Login Service.
[[0;32m  OK  [0m] Stopped target User and Group Name Lookups.
[[0;32m  OK  [0m] Stopped target Network is Online.
[[0;32m  OK  [0m] Stopped target Remote File Systems (Pre).
[[0;32m  OK  [0m] Stopped target Network.
         Stopping Network Name Resolution...
[[0;32m  OK  [0m] Stopped Virtualbox guest utils.
[[0;32m  OK  [0m] Stopped target Basic System.
[[0;32m  OK  [0m] Stopped target Paths.
[[0;32m  OK  [0m] Stopped ACPI Events Check.
[[0;32m  OK  [0m] Stopped Trigger to poll for Ubuntu …(Only enabled on GCP LTS non-pro).
[[0;32m  OK  [0m] Stopped target Slices.
[[0;32m  OK  [0m] Removed slice User and Session Slice.
[[0;32m  OK  [0m] Stopped target Sockets.
[[0;32m  OK  [0m] Closed Syslog Socket.
[[0;32m  OK  [0m] Closed Socket activation for snappy daemon.
[[0;32m  OK  [0m] Closed UUID daemon activation socket.
[[0;32m  OK  [0m] Closed ACPID Listen Socket.
[[0;32m  OK  [0m] Closed cloud-init hotplug hook socket.
[[0;32m  OK  [0m] Closed LXD - unix socket.
[[0;32m  OK  [0m] Closed D-Bus System Message Bus Socket.
[[0;32m  OK  [0m] Closed Open-iSCSI iscsid Socket.
[[0;32m  OK  [0m] Stopped target System Initialization.
[[0;32m  OK  [0m] Stopped target Local Encrypted Volumes.
[[0;32m  OK  [0m] Stopped Forward Password Requests to Wall Directory Watch.
[[0;32m  OK  [0m] Stopped Dispatch Password Requests to Console Directory Watch.
         Stopping Update UTMP about System Boot/Shutdown...
[[0;32m  OK  [0m] Stopped Initial cloud-init job (metadata service crawler).
         Stopping Load/Save Random Seed...
[[0;32m  OK  [0m] Stopped Commit a transient machine-id on disk.
[[0;32m  OK  [0m] Stopped Network Name Resolution.
         Stopping Network Service...
[[0;32m  OK  [0m] Stopped Update UTMP about System Boot/Shutdown.
[[0;32m  OK  [0m] Stopped Create Volatile Files and Directories.
[[0;32m  OK  [0m] Stopped target Local File Systems.
         Unmounting /run/user/1000...
[[0;32m  OK  [0m] Stopped Load/Save Random Seed.
[[0;32m  OK  [0m] Unmounted /run/user/1000.
[[0;32m  OK  [0m] Reached target Unmount All Filesystems.
[[0;32m  OK  [0m] Stopped target Local File Systems (Pre).
         Stopping Monitoring of LVM2 mirrors…ng dmeventd or progress polling...
[[0;32m  OK  [0m] Stopped Create Static Device Nodes in /dev.
[[0;32m  OK  [0m] Stopped target Swap.
[[0;32m  OK  [0m] Stopped Network Service.
[[0;32m  OK  [0m] Stopped target Network (Pre).
[[0;32m  OK  [0m] Stopped Initial cloud-init job (pre-networking).
[[0;32m  OK  [0m] Stopped Remount Root and Kernel File Systems.
[[0;32m  OK  [0m] Stopped Apply Kernel Variables.
[[0;32m  OK  [0m] Stopped Load Kernel Modules.
[[0;32m  OK  [0m] Reached target Shutdown.
[[0;32m  OK  [0m] Reached target Final Step.
         Starting Power-Off...
[[0;32m  OK  [0m] Stopped Monitoring of LVM2 mirrors,…sing dmeventd or progress polling.
         Stopping LVM2 metadata daemon...
[[0;32m  OK  [0m] Stopped LVM2 metadata daemon.
[  657.737059] reboot: Power down
